<?xml version="1.0" encoding="UTF-8"?>
<testsuite xmlns:xsi="http://www.w3.org/2001/XMLSchema-instance" xsi:noNamespaceSchemaLocation="https://maven.apache.org/surefire/maven-surefire-plugin/xsd/surefire-test-report-3.0.xsd" version="3.0" name="com.ratelimiter.GatewayIntegrationTest" time="16.528" tests="2" errors="0" skipped="0" failures="0">
  <properties>
[...]
</properties>
  <testcase name="testAuthPublicEndpoints" classname="com.ratelimiter.GatewayIntegrationTest" time="1.143">
    <system-out><![CDATA[20:44:28.465 [main] INFO org.springframework.test.context.support.AnnotationConfigContextLoaderUtils -- Could not detect default configuration classes for test class [com.ratelimiter.GatewayIntegrationTest]: GatewayIntegrationTest does not declare any static, non-private, non-final, nested classes annotated with @Configuration.
20:44:28.672 [main] INFO org.springframework.boot.test.context.SpringBootTestContextBootstrapper -- Found @SpringBootConfiguration com.ratelimiter.RateLimiterApplication for test class com.ratelimiter.GatewayIntegrationTest

  .   ____          _            __ _ _
 /\\ / ___'_ __ _ _(_)_ __  __ _ \ \ \ \
( ( )\___ | '_ | '_| | '_ \/ _` | \ \ \ \
 \\/  ___)| |_)| | | | | || (_| |  ) ) ) )
  '  |____| .__|_| |_|_| |_\__, | / / / /
 =========|_|==============|___/=/_/_/_/

 :: Spring Boot ::                (v3.3.4)

2026-09-10T20:44:29.520+05:30  INFO 16312 --- [distributed-rate-limiter] [           main] com.ratelimiter.GatewayIntegrationTest   : Starting GatewayIntegrationTest using Java 23.0.1 with PID 16312 (started by sivak in C:\Users\sivak\Downloads\Projects\Distributed API Rate-Limiting Service\backend)
2026-09-10T20:44:29.522+05:30  INFO 16312 --- [distributed-rate-limiter] [           main] com.ratelimiter.GatewayIntegrationTest   : No active profile set, falling back to 1 default profile: "default"
2026-09-10T20:44:31.795+05:30  INFO 16312 --- [distributed-rate-limiter] [           main] .s.d.r.c.RepositoryConfigurationDelegate : Multiple Spring Data modules found, entering strict repository configuration mode
2026-09-10T20:44:31.799+05:30  INFO 16312 --- [distributed-rate-limiter] [           main] .s.d.r.c.RepositoryConfigurationDelegate : Bootstrapping Spring Data JPA repositories in DEFAULT mode.
2026-09-10T20:44:32.090+05:30  INFO 16312 --- [distributed-rate-limiter] [           main] .s.d.r.c.RepositoryConfigurationDelegate : Finished Spring Data repository scanning in 281 ms. Found 5 JPA repository interfaces.
2026-09-10T20:44:32.136+05:30  INFO 16312 --- [distributed-rate-limiter] [           main] .s.d.r.c.RepositoryConfigurationDelegate : Multiple Spring Data modules found, entering strict repository configuration mode
2026-09-10T20:44:32.140+05:30  INFO 16312 --- [distributed-rate-limiter] [           main] .s.d.r.c.RepositoryConfigurationDelegate : Bootstrapping Spring Data Redis repositories in DEFAULT mode.
2026-09-10T20:44:32.178+05:30  INFO 16312 --- [distributed-rate-limiter] [           main] .RepositoryConfigurationExtensionSupport : Spring Data Redis - Could not safely identify store assignment for repository candidate interface com.ratelimiter.repository.ApiKeyRepository; If you want this repository to be a Redis repository, consider annotating your entities with one of these annotations: org.springframework.data.redis.core.RedisHash (preferred), or consider extending one of the following types with your repository: org.springframework.data.keyvalue.repository.KeyValueRepository
2026-09-10T20:44:32.179+05:30  INFO 16312 --- [distributed-rate-limiter] [           main] .RepositoryConfigurationExtensionSupport : Spring Data Redis - Could not safely identify store assignment for repository candidate interface com.ratelimiter.repository.ApplicationRepository; If you want this repository to be a Redis repository, consider annotating your entities with one of these annotations: org.springframework.data.redis.core.RedisHash (preferred), or consider extending one of the following types with your repository: org.springframework.data.keyvalue.repository.KeyValueRepository
2026-09-10T20:44:32.180+05:30  INFO 16312 --- [distributed-rate-limiter] [           main] .RepositoryConfigurationExtensionSupport : Spring Data Redis - Could not safely identify store assignment for repository candidate interface com.ratelimiter.repository.DeveloperUserRepository; If you want this repository to be a Redis repository, consider annotating your entities with one of these annotations: org.springframework.data.redis.core.RedisHash (preferred), or consider extending one of the following types with your repository: org.springframework.data.keyvalue.repository.KeyValueRepository
2026-09-10T20:44:32.181+05:30  INFO 16312 --- [distributed-rate-limiter] [           main] .RepositoryConfigurationExtensionSupport : Spring Data Redis - Could not safely identify store assignment for repository candidate interface com.ratelimiter.repository.RateLimitRuleRepository; If you want this repository to be a Redis repository, consider annotating your entities with one of these annotations: org.springframework.data.redis.core.RedisHash (preferred), or consider extending one of the following types with your repository: org.springframework.data.keyvalue.repository.KeyValueRepository
2026-09-10T20:44:32.182+05:30  INFO 16312 --- [distributed-rate-limiter] [           main] .RepositoryConfigurationExtensionSupport : Spring Data Redis - Could not safely identify store assignment for repository candidate interface com.ratelimiter.repository.RequestAuditLogRepository; If you want this repository to be a Redis repository, consider annotating your entities with one of these annotations: org.springframework.data.redis.core.RedisHash (preferred), or consider extending one of the following types with your repository: org.springframework.data.keyvalue.repository.KeyValueRepository
2026-09-10T20:44:32.182+05:30  INFO 16312 --- [distributed-rate-limiter] [           main] .s.d.r.c.RepositoryConfigurationDelegate : Finished Spring Data repository scanning in 25 ms. Found 0 Redis repository interfaces.
2026-09-10T20:44:33.692+05:30  INFO 16312 --- [distributed-rate-limiter] [           main] o.hibernate.jpa.internal.util.LogHelper  : HHH000204: Processing PersistenceUnitInfo [name: default]
2026-09-10T20:44:33.816+05:30  INFO 16312 --- [distributed-rate-limiter] [           main] org.hibernate.Version                    : HHH000412: Hibernate ORM core version 6.5.3.Final
2026-09-10T20:44:33.908+05:30  INFO 16312 --- [distributed-rate-limiter] [           main] o.h.c.internal.RegionFactoryInitiator    : HHH000026: Second-level cache disabled
2026-09-10T20:44:34.537+05:30  INFO 16312 --- [distributed-rate-limiter] [           main] o.s.o.j.p.SpringPersistenceUnitInfo      : No LoadTimeWeaver setup: ignoring JPA class transformer
2026-09-10T20:44:34.577+05:30  INFO 16312 --- [distributed-rate-limiter] [           main] com.zaxxer.hikari.HikariDataSource       : HikariPool-1 - Starting...
2026-09-10T20:44:34.831+05:30  INFO 16312 --- [distributed-rate-limiter] [           main] com.zaxxer.hikari.pool.HikariPool        : HikariPool-1 - Added connection conn0: url=jdbc:h2:mem:ratelimiterdb user=SA
2026-09-10T20:44:34.833+05:30  INFO 16312 --- [distributed-rate-limiter] [           main] com.zaxxer.hikari.HikariDataSource       : HikariPool-1 - Start completed.
2026-09-10T20:44:34.872+05:30  WARN 16312 --- [distributed-rate-limiter] [           main] org.hibernate.orm.deprecation            : HHH90000025: H2Dialect does not need to be specified explicitly using 'hibernate.dialect' (remove the property setting and it will be selected by default)
2026-09-10T20:44:36.485+05:30  INFO 16312 --- [distributed-rate-limiter] [           main] o.h.e.t.j.p.i.JtaPlatformInitiator       : HHH000489: No JTA platform available (set 'hibernate.transaction.jta.platform' to enable JTA platform integration)
2026-09-10T20:44:36.632+05:30  INFO 16312 --- [distributed-rate-limiter] [           main] j.LocalContainerEntityManagerFactoryBean : Initialized JPA EntityManagerFactory for persistence unit 'default'
2026-09-10T20:44:37.693+05:30  INFO 16312 --- [distributed-rate-limiter] [           main] o.s.d.j.r.query.QueryEnhancerFactory     : Hibernate is in classpath; If applicable, HQL parser will be used.
2026-09-10T20:44:39.483+05:30  INFO 16312 --- [distributed-rate-limiter] [           main] r$InitializeUserDetailsManagerConfigurer : Global AuthenticationManager configured with UserDetailsService bean with name customUserDetailsService
2026-09-10T20:44:39.748+05:30  WARN 16312 --- [distributed-rate-limiter] [           main] JpaBaseConfiguration$JpaWebConfiguration : spring.jpa.open-in-view is enabled by default. Therefore, database queries may be performed during view rendering. Explicitly configure spring.jpa.open-in-view to disable this warning
2026-09-10T20:44:40.808+05:30  INFO 16312 --- [distributed-rate-limiter] [           main] o.s.b.a.e.web.EndpointLinksResolver      : Exposing 3 endpoints beneath base path '/actuator'
2026-09-10T20:44:42.173+05:30  INFO 16312 --- [distributed-rate-limiter] [           main] o.s.b.t.m.w.SpringBootMockServletContext : Initializing Spring TestDispatcherServlet ''
2026-09-10T20:44:42.173+05:30  INFO 16312 --- [distributed-rate-limiter] [           main] o.s.t.web.servlet.TestDispatcherServlet  : Initializing Servlet ''
2026-09-10T20:44:42.176+05:30  INFO 16312 --- [distributed-rate-limiter] [           main] o.s.t.web.servlet.TestDispatcherServlet  : Completed initialization in 2 ms
2026-09-10T20:44:42.306+05:30  INFO 16312 --- [distributed-rate-limiter] [           main] com.ratelimiter.GatewayIntegrationTest   : Started GatewayIntegrationTest in 13.39 seconds (process running for 15.169)
2026-09-10T20:44:42.553+05:30  INFO 16312 --- [distributed-rate-limiter] [           main] com.ratelimiter.config.DataInitializer   : Initializing demo dataset for Distributed Rate Limiter...
2026-09-10T20:44:42.830+05:30  INFO 16312 --- [distributed-rate-limiter] [           main] com.ratelimiter.config.DataInitializer   : Initialized demo dataset successfully!
]]></system-out>
    <system-err><![CDATA[WARNING: A Java agent has been loaded dynamically (C:\Users\sivak\.m2\repository\net\bytebuddy\byte-buddy-agent\1.14.19\byte-buddy-agent-1.14.19.jar)
WARNING: If a serviceability tool is in use, please run with -XX:+EnableDynamicAgentLoading to hide this warning
WARNING: If a serviceability tool is not in use, please run with -Djdk.instrument.traceUsage for more information
WARNING: Dynamic loading of agents will be disallowed by default in a future release
]]></system-err>
  </testcase>
  <testcase name="testGatewayRateLimitingHeaders" classname="com.ratelimiter.GatewayIntegrationTest" time="0.715">
    <system-out><![CDATA[2026-09-10T20:44:44.647+05:30  WARN 16312 --- [distributed-rate-limiter] [           main] c.r.s.r.RedisTokenBucketRateLimiter      : Redis is unreachable (RedisConnectionFailureException: Unable to connect to Redis). Failing over to in-memory rate limiter.
]]></system-out>
  </testcase>
</testsuite>